Arguments: 
  C:\Program Files\nodejs\node.exe C:\Program Files (x86)\Yarn\bin\yarn.js test

PATH: 
  D:\projects\ms_shop\node_modules\.bin;C:\Program Files (x86)\Razer Chroma SDK\bin;C:\Program Files\Razer Chroma SDK\bin;C:\Program Files (x86)\Razer\ChromaBroadcast\bin;C:\Program Files\Razer\ChromaBroadcast\bin;C:\WINDOWS\system32;C:\WINDOWS;C:\WINDOWS\System32\Wbem;C:\WINDOWS\System32\WindowsPowerShell\v1.0\;C:\WINDOWS\System32\OpenSSH\;C:\Program Files\nodejs\;C:\Program Files\Git\cmd;C:\Program Files (x86)\NVIDIA Corporation\PhysX\Common;C:\Program Files (x86)\Yarn\bin\;C:\WINDOWS\system32\config\systemprofile\AppData\Local\Microsoft\WindowsApps;C:\Users\MS\AppData\Local\Android\Sdk;;C:\Program Files\Docker\Docker\resources\bin;C:\ProgramData\DockerDesktop\version-bin;C:\Users\MS\AppData\Local\Microsoft\WindowsApps;C:\Users\MS\AppData\Roaming\npm;C:\Users\MS\AppData\Local\Programs\Microsoft VS Code\bin;C:\Users\MS\AppData\Local\Yarn\bin

Yarn version: 
  1.22.5

Node version: 
  14.10.1

Platform: 
  win32 x64

Trace: 
  SyntaxError: D:\projects\ms_shop\apps\webpage\package.json: Unexpected end of JSON input
      at JSON.parse (<anonymous>)
      at C:\Program Files (x86)\Yarn\lib\cli.js:1625:59
      at Generator.next (<anonymous>)
      at step (C:\Program Files (x86)\Yarn\lib\cli.js:310:30)
      at C:\Program Files (x86)\Yarn\lib\cli.js:321:13

npm manifest: 
  {
    "name": "webpage",
    "version": "1.0.0",
    "description": "",
    "main": "index.js",
    "scripts": {
      "bundle": "webpack",
      "test": "jest --colors --coverage",
      "dev": "webpack serve --mode development --open --hot",
      "build": "webpack --mode production",
      "eslint": "eslint . --ext .js,.jsx,.ts,.tsx",
      "check-types": "tsc"
    },
    "author": "",
    "license": "ISC",
    "dependencies": {
      "react": "^17.0.1",
      "react-dom": "^17.0.1"
    },
    "devDependencies": {
      "@babel/core": "^7.13.8",
      "@babel/plugin-proposal-class-properties": "^7.13.0",
      "@babel/plugin-proposal-object-rest-spread": "^7.13.8",
      "@babel/preset-env": "^7.13.9",
      "@babel/preset-react": "^7.12.13",
      "@babel/preset-typescript": "^7.13.0",
      "@types/enzyme": "^3.10.8",
      "@types/enzyme-adapter-react-16": "^1.0.6",
      "@types/jest": "^26.0.23",
      "@types/react": "^17.0.3",
      "@types/react-dom": "^17.0.1",
      "@typescript-eslint/eslint-plugin": "^4.16.1",
      "@typescript-eslint/parser": "^4.16.1",
      "babel-jest": "^26.6.3",
      "babel-loader": "^8.2.2",
      "css-loader": "^5.1.1",
      "enzyme": "^3.11.0",
      "enzyme-adapter-react-16": "^1.15.6",
      "enzyme-to-json": "^3.6.2",
      "eslint": "^7.21.0",
      "html-webpack-plugin": "^5.3.0",
      "jest": "^26.6.3",
      "jest-environment-enzyme": "^7.1.2",
      "jest-enzyme": "^7.1.2",
      "style-loader": "^2.0.0",
      "ts-jest": "^26.5.6",
      "typescript": "^4.2.3",
      "webpack": "^5.24.3",
      "webpack-cli": "^4.5.0",
      "webpack-dev-server": "^3.11.2"
    },
    "jest": {
      "clearMocks": true,
      "collectCoverageFrom": [
        "**/*.tsx"
      ],
      "coverageDirectory": "coverage",
      "moduleFileExtensions": [
        "js",
        "jsx",
        "node",
        "ts",
        "tsx"
      ],
      "collectCoverage": true,
      "coveragePathIgnorePatterns": [
        "\\\\node_modules\\\\",
        "<rootDir>/test/dataProviders/.*\\.ts"
      ],
      "coverageReporters": [
        "json",
        "text",
        "html"
      ],
      "setupFilesAfterEnv": [
        "jest-enzyme"
      ],
      "testEnvironment": "enzyme",
      "testEnvironmentOptions": {
        "enzymeAdapter": "react16"
      },
      "testPathIgnorePatterns": [
        "<rootDir>/test/dataProviders/.*\\.ts"
      ],
      "snapshotSerializers": [
        "enzyme-to-json/serializer"
      ],
      "setupFiles": [
        "./test/setupTests.js"
      ],
      "roots": [
        "<rootDir>/tests/"
      ],
      "moduleDirectories": [
        "<rootDir>",
        "node_modules",
        "src/js"
      ],
      "moduleNameMapper": {
        "\\.(css|less|scss|sss|styl)$": "<rootDir>/node_modules/jest-css-modules"
      }
  
  },

yarn manifest: 
  No manifest

Lockfile: 
  No lockfile
